\BOOKMARK [1][-]{section.1}{1 数据结构}{}% 1
\BOOKMARK [2][-]{subsection.1.1}{二叉搜索树}{section.1}% 2
\BOOKMARK [3][-]{subsubsection.1.1.1}{二叉树.cpp}{subsection.1.1}% 3
\BOOKMARK [2][-]{subsection.1.2}{基础数据结构}{section.1}% 4
\BOOKMARK [3][-]{subsubsection.1.2.1}{堆.cpp}{subsection.1.2}% 5
\BOOKMARK [2][-]{subsection.1.3}{字符串}{section.1}% 6
\BOOKMARK [3][-]{subsubsection.1.3.1}{1 Trie\(前缀树\).cpp}{subsection.1.3}% 7
\BOOKMARK [3][-]{subsubsection.1.3.2}{2\040KMP.cpp}{subsection.1.3}% 8
\BOOKMARK [3][-]{subsubsection.1.3.3}{3 AC自动机.cpp}{subsection.1.3}% 9
\BOOKMARK [3][-]{subsubsection.1.3.4}{4 KMP-KMP变形.cpp}{subsection.1.3}% 10
\BOOKMARK [3][-]{subsubsection.1.3.5}{5 字符串hash.cpp}{subsection.1.3}% 11
\BOOKMARK [3][-]{subsubsection.1.3.6}{6 后缀数组.cpp}{subsection.1.3}% 12
\BOOKMARK [1][-]{section.2}{2 动态规划}{}% 13
\BOOKMARK [2][-]{subsection.2.1}{2 动态规划}{section.2}% 14
\BOOKMARK [3][-]{subsubsection.2.1.1}{1 最长上升子序列.cpp}{subsection.2.1}% 15
\BOOKMARK [1][-]{section.3}{3 图论}{}% 16
\BOOKMARK [2][-]{subsection.3.1}{DFS}{section.3}% 17
\BOOKMARK [3][-]{subsubsection.3.1.1}{1.无向图的割点和桥.cpp}{subsection.3.1}% 18
\BOOKMARK [3][-]{subsubsection.3.1.2}{2.无向图的双连通分量.cpp}{subsection.3.1}% 19
\BOOKMARK [3][-]{subsubsection.3.1.3}{3有向图的强联通分量.cpp}{subsection.3.1}% 20
\BOOKMARK [3][-]{subsubsection.3.1.4}{4 2-sat 问题.cpp}{subsection.3.1}% 21
\BOOKMARK [2][-]{subsection.3.2}{LCA}{section.3}% 22
\BOOKMARK [3][-]{subsubsection.3.2.1}{1\040DFS+RMQ.cpp}{subsection.3.2}% 23
\BOOKMARK [3][-]{subsubsection.3.2.2}{2倍增算法.cpp}{subsection.3.2}% 24
\BOOKMARK [2][-]{subsection.3.3}{Maxflow}{section.3}% 25
\BOOKMARK [3][-]{subsubsection.3.3.1}{1\040Dinic.cpp}{subsection.3.3}% 26
\BOOKMARK [3][-]{subsubsection.3.3.2}{2\040ISAP.cpp}{subsection.3.3}% 27
\BOOKMARK [3][-]{subsubsection.3.3.3}{3\040MCMF.cpp}{subsection.3.3}% 28
\BOOKMARK [2][-]{subsection.3.4}{二分图}{section.3}% 29
\BOOKMARK [3][-]{subsubsection.3.4.1}{KM.cpp}{subsection.3.4}% 30
\BOOKMARK [3][-]{subsubsection.3.4.2}{匈牙利算法.cpp}{subsection.3.4}% 31
\BOOKMARK [2][-]{subsection.3.5}{最小生成树}{section.3}% 32
\BOOKMARK [3][-]{subsubsection.3.5.1}{1 Krustral 卡鲁斯卡尔算法.cpp}{subsection.3.5}% 33
\BOOKMARK [3][-]{subsubsection.3.5.2}{2 prim 算法.cpp}{subsection.3.5}% 34
\BOOKMARK [3][-]{subsubsection.3.5.3}{3 最小限制生成树.cpp}{subsection.3.5}% 35
\BOOKMARK [3][-]{subsubsection.3.5.4}{4 次小生成树.cpp}{subsection.3.5}% 36
\BOOKMARK [2][-]{subsection.3.6}{最短路}{section.3}% 37
\BOOKMARK [3][-]{subsubsection.3.6.1}{1\040Dijkstra.cpp}{subsection.3.6}% 38
\BOOKMARK [3][-]{subsubsection.3.6.2}{2\040Bellman-ford.cpp}{subsection.3.6}% 39
\BOOKMARK [3][-]{subsubsection.3.6.3}{3\040floyed.cpp}{subsection.3.6}% 40
\BOOKMARK [1][-]{section.4}{4 数学}{}% 41
\BOOKMARK [2][-]{subsection.4.1}{4 数学}{section.4}% 42
\BOOKMARK [3][-]{subsubsection.4.1.1}{3 FWT模板.cpp}{subsection.4.1}% 43
\BOOKMARK [2][-]{subsection.4.2}{FFT}{section.4}% 44
\BOOKMARK [3][-]{subsubsection.4.2.1}{FFT.cpp}{subsection.4.2}% 45
\BOOKMARK [3][-]{subsubsection.4.2.2}{kuangbin.cpp}{subsection.4.2}% 46
\BOOKMARK [3][-]{subsubsection.4.2.3}{lrj.cpp}{subsection.4.2}% 47
\BOOKMARK [2][-]{subsection.4.3}{Lagrange-poly}{section.4}% 48
\BOOKMARK [3][-]{subsubsection.4.3.1}{template.cpp}{subsection.4.3}% 49
\BOOKMARK [2][-]{subsection.4.4}{数论}{section.4}% 50
\BOOKMARK [3][-]{subsubsection.4.4.1}{1 加法.cpp}{subsection.4.4}% 51
\BOOKMARK [3][-]{subsubsection.4.4.2}{1 逆元.cpp}{subsection.4.4}% 52
\BOOKMARK [3][-]{subsubsection.4.4.3}{2 减法.cpp}{subsection.4.4}% 53
\BOOKMARK [3][-]{subsubsection.4.4.4}{3 乘法.cpp}{subsection.4.4}% 54
\BOOKMARK [3][-]{subsubsection.4.4.5}{4 除法.cpp}{subsection.4.4}% 55
\BOOKMARK [3][-]{subsubsection.4.4.6}{Euler.cpp}{subsection.4.4}% 56
\BOOKMARK [3][-]{subsubsection.4.4.7}{lucas ，组合数.cpp}{subsection.4.4}% 57
\BOOKMARK [3][-]{subsubsection.4.4.8}{miller-rabin-Pollard-rho.cpp}{subsection.4.4}% 58
\BOOKMARK [3][-]{subsubsection.4.4.9}{快速数论变换.cpp}{subsection.4.4}% 59
\BOOKMARK [3][-]{subsubsection.4.4.10}{欧拉筛和埃氏筛.cpp}{subsection.4.4}% 60
\BOOKMARK [3][-]{subsubsection.4.4.11}{素性检测.cpp}{subsection.4.4}% 61
\BOOKMARK [3][-]{subsubsection.4.4.12}{素数筛.cpp}{subsection.4.4}% 62
\BOOKMARK [3][-]{subsubsection.4.4.13}{逆元打表.cpp}{subsection.4.4}% 63
\BOOKMARK [2][-]{subsection.4.5}{4 数学}{section.4}% 64
\BOOKMARK [3][-]{subsubsection.4.5.1}{矩阵快速幂.cpp}{subsection.4.5}% 65
\BOOKMARK [2][-]{subsection.4.6}{4 数学}{section.4}% 66
\BOOKMARK [3][-]{subsubsection.4.6.1}{自适应辛普森积分.cpp}{subsection.4.6}% 67
\BOOKMARK [1][-]{section.5}{5 几何}{}% 68
\BOOKMARK [2][-]{subsection.5.1}{2D}{section.5}% 69
\BOOKMARK [3][-]{subsubsection.5.1.1}{PSLG.cpp}{subsection.5.1}% 70
\BOOKMARK [3][-]{subsubsection.5.1.2}{二维几何模板.cpp}{subsection.5.1}% 71
\BOOKMARK [3][-]{subsubsection.5.1.3}{二维凸包.cpp}{subsection.5.1}% 72
\BOOKMARK [3][-]{subsubsection.5.1.4}{判断点是否在多边形内.cpp}{subsection.5.1}% 73
\BOOKMARK [3][-]{subsubsection.5.1.5}{圆与多边形相交的面积.cpp}{subsection.5.1}% 74
\BOOKMARK [3][-]{subsubsection.5.1.6}{求圆与直线的交点.cpp}{subsection.5.1}% 75
\BOOKMARK [2][-]{subsection.5.2}{3D}{section.5}% 76
\BOOKMARK [3][-]{subsubsection.5.2.1}{三维几何的基本操作.cpp}{subsection.5.2}% 77
\BOOKMARK [3][-]{subsubsection.5.2.2}{三维几何的模版.cpp}{subsection.5.2}% 78
\BOOKMARK [3][-]{subsubsection.5.2.3}{三维凸包.cpp}{subsection.5.2}% 79
\BOOKMARK [3][-]{subsubsection.5.2.4}{维度转换为三维坐标.cpp}{subsection.5.2}% 80
\BOOKMARK [1][-]{section.6}{6 其它}{}% 81
\BOOKMARK [2][-]{subsection.6.1}{IO}{section.6}% 82
\BOOKMARK [3][-]{subsubsection.6.1.1}{fread.cpp}{subsection.6.1}% 83
\BOOKMARK [3][-]{subsubsection.6.1.2}{fread2.cpp}{subsection.6.1}% 84
\BOOKMARK [3][-]{subsubsection.6.1.3}{保留小数.cpp}{subsection.6.1}% 85
\BOOKMARK [3][-]{subsubsection.6.1.4}{读取整数.cpp}{subsection.6.1}% 86
\BOOKMARK [2][-]{subsection.6.2}{6 其它}{section.6}% 87
\BOOKMARK [3][-]{subsubsection.6.2.1}{c++中处理2进制的一些函数.cpp}{subsection.6.2}% 88
\BOOKMARK [2][-]{subsection.6.3}{6 其它}{section.6}% 89
\BOOKMARK [3][-]{subsubsection.6.3.1}{测量程序的运行时间.cpp}{subsection.6.3}% 90
